<?xml version="1.0" encoding="UTF-8"?>
<!-- Generated by org.testng.reporters.JUnitReportReporter -->
<testsuite hostname="DESKTOP-N7DTDFE" failures="0" tests="1" name="TestComponents.SocialPages" time="9.930" errors="0" timestamp="2024-05-07T12:48:12 EEST" skipped="0">
  <testcase classname="TestComponents.SocialPages" name="CheckPages" time="9.930"/>
</testsuite> <!-- TestComponents.SocialPages -->
