<?xml version="1.0" encoding="UTF-8"?>
<!-- Generated by org.testng.reporters.JUnitReportReporter -->
<testsuite hostname="DESKTOP-N7DTDFE" failures="0" tests="1" name="TestComponents.ContactUs" time="11.698" errors="0" timestamp="2024-05-07T13:10:52 EEST" skipped="0">
  <testcase classname="TestComponents.ContactUs" name="Contact" time="11.698"/>
</testsuite> <!-- TestComponents.ContactUs -->
