<?xml version="1.0" encoding="UTF-8"?>
<!-- Generated by org.testng.reporters.JUnitReportReporter -->
<testsuite hostname="DESKTOP-N7DTDFE" failures="0" tests="1" name="TestComponents.NavigateToApp" time="2.781" errors="0" timestamp="2024-05-07T12:48:12 EEST" skipped="0">
  <testcase classname="TestComponents.NavigateToApp" name="navigate" time="2.781"/>
</testsuite> <!-- TestComponents.NavigateToApp -->
