<?xml version="1.0" encoding="UTF-8"?>
<!-- Generated by org.testng.reporters.JUnitReportReporter -->
<testsuite hostname="DESKTOP-N7DTDFE" failures="0" tests="1" name="TestComponents.SocialPages" time="16.780" errors="0" timestamp="2024-05-07T13:10:52 EEST" skipped="0">
  <testcase classname="TestComponents.SocialPages" name="CheckPages" time="16.780"/>
</testsuite> <!-- TestComponents.SocialPages -->
